\BOOKMARK [0][-]{chapter.1}{\376\377\0001\000\040\000T\000o\000d\000o\000\040\000L\000i\000s\000t}{}% 1
\BOOKMARK [0][-]{chapter.2}{\376\377\0002\000\040\000D\000a\000t\000a\000\040\000S\000t\000r\000u\000c\000t\000u\000r\000e\000\040\000I\000n\000d\000e\000x}{}% 2
\BOOKMARK [1][-]{section.2.1}{\376\377\0002\000.\0001\000\040\000D\000a\000t\000a\000\040\000S\000t\000r\000u\000c\000t\000u\000r\000e\000s}{chapter.2}% 3
\BOOKMARK [0][-]{chapter.3}{\376\377\0003\000\040\000F\000i\000l\000e\000\040\000I\000n\000d\000e\000x}{}% 4
\BOOKMARK [1][-]{section.3.1}{\376\377\0003\000.\0001\000\040\000F\000i\000l\000e\000\040\000L\000i\000s\000t}{chapter.3}% 5
\BOOKMARK [0][-]{chapter.4}{\376\377\0004\000\040\000D\000a\000t\000a\000\040\000S\000t\000r\000u\000c\000t\000u\000r\000e\000\040\000D\000o\000c\000u\000m\000e\000n\000t\000a\000t\000i\000o\000n}{}% 6
\BOOKMARK [1][-]{section.4.1}{\376\377\0004\000.\0001\000\040\000C\000P\000U\000\040\000S\000t\000r\000u\000c\000t\000\040\000R\000e\000f\000e\000r\000e\000n\000c\000e}{chapter.4}% 7
\BOOKMARK [2][-]{subsection.4.1.1}{\376\377\0004\000.\0001\000.\0001\000\040\000D\000e\000t\000a\000i\000l\000e\000d\000\040\000D\000e\000s\000c\000r\000i\000p\000t\000i\000o\000n}{section.4.1}% 8
\BOOKMARK [2][-]{subsection.4.1.2}{\376\377\0004\000.\0001\000.\0002\000\040\000F\000i\000e\000l\000d\000\040\000D\000o\000c\000u\000m\000e\000n\000t\000a\000t\000i\000o\000n}{section.4.1}% 9
\BOOKMARK [3][-]{subsubsection.4.1.2.1}{\376\377\0004\000.\0001\000.\0002\000.\0001\000\040\000r\000a\000x}{subsection.4.1.2}% 10
\BOOKMARK [3][-]{subsubsection.4.1.2.2}{\376\377\0004\000.\0001\000.\0002\000.\0002\000\040\000s\000t\000a\000c\000k}{subsection.4.1.2}% 11
\BOOKMARK [3][-]{subsubsection.4.1.2.3}{\376\377\0004\000.\0001\000.\0002\000.\0003\000\040\000s\000t\000a\000t\000e}{subsection.4.1.2}% 12
\BOOKMARK [1][-]{section.4.2}{\376\377\0004\000.\0002\000\040\000S\000t\000a\000c\000k\000\040\000S\000t\000r\000u\000c\000t\000\040\000R\000e\000f\000e\000r\000e\000n\000c\000e}{chapter.4}% 13
\BOOKMARK [2][-]{subsection.4.2.1}{\376\377\0004\000.\0002\000.\0001\000\040\000D\000e\000t\000a\000i\000l\000e\000d\000\040\000D\000e\000s\000c\000r\000i\000p\000t\000i\000o\000n}{section.4.2}% 14
\BOOKMARK [2][-]{subsection.4.2.2}{\376\377\0004\000.\0002\000.\0002\000\040\000F\000i\000e\000l\000d\000\040\000D\000o\000c\000u\000m\000e\000n\000t\000a\000t\000i\000o\000n}{section.4.2}% 15
\BOOKMARK [3][-]{subsubsection.4.2.2.1}{\376\377\0004\000.\0002\000.\0002\000.\0001\000\040\000s\000t\000a\000t\000e}{subsection.4.2.2}% 16
\BOOKMARK [3][-]{subsubsection.4.2.2.2}{\376\377\0004\000.\0002\000.\0002\000.\0002\000\040\000t\000o\000p}{subsection.4.2.2}% 17
\BOOKMARK [3][-]{subsubsection.4.2.2.3}{\376\377\0004\000.\0002\000.\0002\000.\0003\000\040\000v\000a\000l\000u\000e\000s}{subsection.4.2.2}% 18
\BOOKMARK [0][-]{chapter.5}{\376\377\0005\000\040\000F\000i\000l\000e\000\040\000D\000o\000c\000u\000m\000e\000n\000t\000a\000t\000i\000o\000n}{}% 19
\BOOKMARK [1][-]{section.5.1}{\376\377\0005\000.\0001\000\040\000C\000P\000U\000.\000h\000\040\000F\000i\000l\000e\000\040\000R\000e\000f\000e\000r\000e\000n\000c\000e}{chapter.5}% 20
\BOOKMARK [2][-]{subsection.5.1.1}{\376\377\0005\000.\0001\000.\0001\000\040\000F\000u\000n\000c\000t\000i\000o\000n\000\040\000D\000o\000c\000u\000m\000e\000n\000t\000a\000t\000i\000o\000n}{section.5.1}% 21
\BOOKMARK [3][-]{subsubsection.5.1.1.1}{\376\377\0005\000.\0001\000.\0001\000.\0001\000\040\000C\000P\000U\000\137\000a\000d\000d\000\050\000C\000P\000U\000\040\000T\000h\000i\000s\000\051}{subsection.5.1.1}% 22
\BOOKMARK [3][-]{subsubsection.5.1.1.2}{\376\377\0005\000.\0001\000.\0001\000.\0002\000\040\000C\000P\000U\000\137\000c\000o\000n\000s\000t\000r\000u\000c\000t\000\050\000C\000P\000U\000\040\000T\000h\000i\000s\000\051}{subsection.5.1.1}% 23
\BOOKMARK [3][-]{subsubsection.5.1.1.3}{\376\377\0005\000.\0001\000.\0001\000.\0003\000\040\000C\000P\000U\000\137\000c\000o\000n\000s\000t\000r\000u\000c\000t\000\137\000c\000o\000p\000y\000\050\000C\000P\000U\000\040\000T\000h\000i\000s\000,\000\040\000c\000o\000n\000s\000t\000\040\000C\000P\000U\000\040\000o\000t\000h\000e\000r\000\051}{subsection.5.1.1}% 24
\BOOKMARK [3][-]{subsubsection.5.1.1.4}{\376\377\0005\000.\0001\000.\0001\000.\0004\000\040\000C\000P\000U\000\137\000d\000e\000s\000t\000r\000u\000c\000t\000\050\000C\000P\000U\000\040\000T\000h\000i\000s\000\051}{subsection.5.1.1}% 25
\BOOKMARK [3][-]{subsubsection.5.1.1.5}{\376\377\0005\000.\0001\000.\0001\000.\0005\000\040\000C\000P\000U\000\137\000d\000i\000v\000\050\000C\000P\000U\000\040\000T\000h\000i\000s\000\051}{subsection.5.1.1}% 26
\BOOKMARK [3][-]{subsubsection.5.1.1.6}{\376\377\0005\000.\0001\000.\0001\000.\0006\000\040\000C\000P\000U\000\137\000d\000u\000m\000p\000\137\000\050\000c\000o\000n\000s\000t\000\040\000C\000P\000U\000\040\000T\000h\000i\000s\000,\000\040\000c\000o\000n\000s\000t\000\040\000c\000h\000a\000r\000\040\000n\000a\000m\000e\000[\000]\000\051}{subsection.5.1.1}% 27
\BOOKMARK [3][-]{subsubsection.5.1.1.7}{\376\377\0005\000.\0001\000.\0001\000.\0007\000\040\000C\000P\000U\000\137\000m\000u\000l\000\050\000C\000P\000U\000\040\000T\000h\000i\000s\000\051}{subsection.5.1.1}% 28
\BOOKMARK [3][-]{subsubsection.5.1.1.8}{\376\377\0005\000.\0001\000.\0001\000.\0008\000\040\000C\000P\000U\000\137\000O\000K\000\050\000c\000o\000n\000s\000t\000\040\000C\000P\000U\000\040\000T\000h\000i\000s\000\051}{subsection.5.1.1}% 29
\BOOKMARK [3][-]{subsubsection.5.1.1.9}{\376\377\0005\000.\0001\000.\0001\000.\0009\000\040\000C\000P\000U\000\137\000p\000o\000p\000\050\000C\000P\000U\000\040\000T\000h\000i\000s\000,\000\040\000T\000Y\000P\000E\000\040\000r\000e\000g\000i\000s\000t\000e\000r\000\137\000\051}{subsection.5.1.1}% 30
\BOOKMARK [3][-]{subsubsection.5.1.1.10}{\376\377\0005\000.\0001\000.\0001\000.\0001\0000\000\040\000C\000P\000U\000\137\000p\000o\000w\000\050\000C\000P\000U\000\040\000T\000h\000i\000s\000\051}{subsection.5.1.1}% 31
\BOOKMARK [3][-]{subsubsection.5.1.1.11}{\376\377\0005\000.\0001\000.\0001\000.\0001\0001\000\040\000C\000P\000U\000\137\000p\000u\000s\000h\000\050\000C\000P\000U\000\040\000T\000h\000i\000s\000,\000\040\000c\000o\000n\000s\000t\000\040\000T\000Y\000P\000E\000\040\000r\000e\000g\000i\000s\000t\000e\000r\000\137\000\051}{subsection.5.1.1}% 32
\BOOKMARK [3][-]{subsubsection.5.1.1.12}{\376\377\0005\000.\0001\000.\0001\000.\0001\0002\000\040\000C\000P\000U\000\137\000s\000u\000b\000\050\000C\000P\000U\000\040\000T\000h\000i\000s\000\051}{subsection.5.1.1}% 33
\BOOKMARK [1][-]{section.5.2}{\376\377\0005\000.\0002\000\040\000s\000t\000a\000c\000k\000.\000h\000\040\000F\000i\000l\000e\000\040\000R\000e\000f\000e\000r\000e\000n\000c\000e}{chapter.5}% 34
\BOOKMARK [2][-]{subsection.5.2.1}{\376\377\0005\000.\0002\000.\0001\000\040\000F\000u\000n\000c\000t\000i\000o\000n\000\040\000D\000o\000c\000u\000m\000e\000n\000t\000a\000t\000i\000o\000n}{section.5.2}% 35
\BOOKMARK [3][-]{subsubsection.5.2.1.1}{\376\377\0005\000.\0002\000.\0001\000.\0001\000\040\000s\000t\000a\000c\000k\000\137\000c\000o\000n\000s\000t\000r\000u\000c\000t\000\050\000S\000t\000a\000c\000k\000\040\000T\000h\000i\000s\000\051}{subsection.5.2.1}% 36
\BOOKMARK [3][-]{subsubsection.5.2.1.2}{\376\377\0005\000.\0002\000.\0001\000.\0002\000\040\000s\000t\000a\000c\000k\000\137\000c\000o\000n\000s\000t\000r\000u\000c\000t\000\137\000c\000o\000p\000y\000\050\000S\000t\000a\000c\000k\000\040\000T\000h\000i\000s\000,\000\040\000c\000o\000n\000s\000t\000\040\000S\000t\000a\000c\000k\000\040\000o\000t\000h\000e\000r\000\051}{subsection.5.2.1}% 37
\BOOKMARK [3][-]{subsubsection.5.2.1.3}{\376\377\0005\000.\0002\000.\0001\000.\0003\000\040\000s\000t\000a\000c\000k\000\137\000d\000e\000s\000t\000r\000u\000c\000t\000\050\000S\000t\000a\000c\000k\000\040\000T\000h\000i\000s\000\051}{subsection.5.2.1}% 38
\BOOKMARK [3][-]{subsubsection.5.2.1.4}{\376\377\0005\000.\0002\000.\0001\000.\0004\000\040\000s\000t\000a\000c\000k\000\137\000d\000u\000m\000p\000\137\000\050\000c\000o\000n\000s\000t\000\040\000S\000t\000a\000c\000k\000\040\000T\000h\000i\000s\000,\000\040\000c\000o\000n\000s\000t\000\040\000c\000h\000a\000r\000\040\000n\000a\000m\000e\000[\000]\000\051}{subsection.5.2.1}% 39
\BOOKMARK [3][-]{subsubsection.5.2.1.5}{\376\377\0005\000.\0002\000.\0001\000.\0005\000\040\000S\000t\000a\000c\000k\000\137\000O\000K\000\050\000c\000o\000n\000s\000t\000\040\000S\000t\000a\000c\000k\000\040\000T\000h\000i\000s\000\051}{subsection.5.2.1}% 40
\BOOKMARK [3][-]{subsubsection.5.2.1.6}{\376\377\0005\000.\0002\000.\0001\000.\0006\000\040\000s\000t\000a\000c\000k\000\137\000p\000o\000p\000\050\000S\000t\000a\000c\000k\000\040\000T\000h\000i\000s\000\051}{subsection.5.2.1}% 41
\BOOKMARK [3][-]{subsubsection.5.2.1.7}{\376\377\0005\000.\0002\000.\0001\000.\0007\000\040\000s\000t\000a\000c\000k\000\137\000p\000u\000s\000h\000\050\000S\000t\000a\000c\000k\000\040\000T\000h\000i\000s\000,\000\040\000T\000Y\000P\000E\000\040\000v\000a\000l\000u\000e\000\051}{subsection.5.2.1}% 42
\BOOKMARK [0][-]{section*.9}{\376\377\000I\000n\000d\000e\000x}{}% 43
